<?xml version="1.0" encoding="UTF-8"?>
<!-- Generated by org.testng.reporters.JUnitXMLReporter -->
<testsuite hostname="DESKTOP-HCFFR5C" ignored="0" name="Default test" tests="2" failures="0" timestamp="06 May 2020 20:42:24 GMT" time="0.075" errors="0">
  <testcase name="myTestMethod1" time="0.012" classname="TestNGAutomationExtends.JournalPage$MyTestClass2"/>
  <testcase name="myTestMethod2" time="0.008" classname="TestNGAutomationExtends.JournalPage$MyTestClass2"/>
</testsuite> <!-- Default test -->
