<?xml version="1.0" encoding="UTF-8"?>
<!-- Generated by org.testng.reporters.JUnitXMLReporter -->
<testsuite hostname="DESKTOP-HCFFR5C" ignored="0" name="Default test" tests="5" failures="0" timestamp="10 Dec 2018 01:41:40 GMT" time="18.163" errors="0">
  <testcase name="tc4" time="1.365" classname="TestNGAutomationTesting.TestNG.BeforeClassAndAfterClassTest2DataDrivenTest"/>
  <testcase name="tc5" time="1.29" classname="TestNGAutomationTesting.TestNG.BeforeClassAndAfterClassTest2DataDrivenTest"/>
  <testcase name="test1" time="5.91" classname="TestNGAutomationTesting.TestNG.BeforeClassAndAfterClassTest2DataDrivenTest"/>
  <testcase name="test2" time="1.219" classname="TestNGAutomationTesting.TestNG.BeforeClassAndAfterClassTest2DataDrivenTest"/>
  <testcase name="test3" time="1.209" classname="TestNGAutomationTesting.TestNG.BeforeClassAndAfterClassTest2DataDrivenTest"/>
</testsuite> <!-- Default test -->
