<?xml version="1.0" encoding="UTF-8"?>
<!-- Generated by org.testng.reporters.JUnitXMLReporter -->
<testsuite hostname="DESKTOP-HCFFR5C" ignored="0" name="Login Page Test" tests="10" failures="0" timestamp="08 Jun 2018 17:29:39 GMT" time="0.072" errors="0">
  <testcase name="LoginLogoutTestWithCorrectCredencials" time="0.005" classname="TestNGAutomationTesting.TestNG.LoginTest"/>
  <testcase name="LoginLogoutTestWithWrongCredencials" time="0.004" classname="TestNGAutomationTesting.TestNG.LoginTest"/>
  <testcase name="emailTest4" time="0.003" classname="TestNGAutomationTesting.TestNG.RegistrationTest"/>
  <testcase name="emailTest3" time="0.003" classname="TestNGAutomationTesting.TestNG.RegistrationTest"/>
  <testcase name="emailTest2" time="0.001" classname="TestNGAutomationTesting.TestNG.RegistrationTest"/>
  <testcase name="phoneTest2" time="0.006" classname="TestNGAutomationTesting.TestNG.RegistrationTest"/>
  <testcase name="phoneTest1" time="0.001" classname="TestNGAutomationTesting.TestNG.RegistrationTest"/>
  <testcase name="emailTest1" time="0.001" classname="TestNGAutomationTesting.TestNG.RegistrationTest"/>
  <testcase name="phoneTest4" time="0.001" classname="TestNGAutomationTesting.TestNG.RegistrationTest"/>
  <testcase name="phoneTest3" time="0.001" classname="TestNGAutomationTesting.TestNG.RegistrationTest"/>
</testsuite> <!-- Login Page Test -->
