<?xml version="1.0" encoding="UTF-8"?>
<!-- Generated by org.testng.reporters.JUnitXMLReporter -->
<testsuite hostname="DESKTOP-HCFFR5C" ignored="4" name="RegistrationPage" tests="4" failures="0" timestamp="08 Jun 2018 17:29:39 GMT" time="0.012" errors="0">
  <testcase name="emailTest4" time="0.001" classname="TestNGAutomationTesting.TestNG.RegistrationTest"/>
  <testcase name="emailTest3" time="0.002" classname="TestNGAutomationTesting.TestNG.RegistrationTest"/>
  <testcase name="emailTest2" time="0.001" classname="TestNGAutomationTesting.TestNG.RegistrationTest"/>
  <testcase name="emailTest1" time="0.001" classname="TestNGAutomationTesting.TestNG.RegistrationTest"/>
  <testcase name="phoneTest2" time="0.0" classname="TestNGAutomationTesting.TestNG.RegistrationTest">
    <ignored/>
  </testcase> <!-- phoneTest2 -->
  <testcase name="phoneTest3" time="0.0" classname="TestNGAutomationTesting.TestNG.RegistrationTest">
    <ignored/>
  </testcase> <!-- phoneTest3 -->
  <testcase name="phoneTest4" time="0.0" classname="TestNGAutomationTesting.TestNG.RegistrationTest">
    <ignored/>
  </testcase> <!-- phoneTest4 -->
  <testcase name="phoneTest1" time="0.0" classname="TestNGAutomationTesting.TestNG.RegistrationTest">
    <ignored/>
  </testcase> <!-- phoneTest1 -->
</testsuite> <!-- RegistrationPage -->
