<?xml version="1.0" encoding="UTF-8"?>
<!-- Generated by org.testng.reporters.JUnitXMLReporter -->
<testsuite hostname="DESKTOP-HCFFR5C" ignored="0" name="Test Tag1" tests="2" failures="0" timestamp="08 May 2020 23:04:14 GMT" time="0.063" errors="0">
  <testcase name="myTestMethod3" time="0.006" classname="TestNGAutomationExtends.JournalPage$MyTestClass2"/>
  <testcase name="myTestMethod4" time="0.002" classname="TestNGAutomationExtends.JournalPage$MyTestClass2"/>
</testsuite> <!-- Test Tag1 -->
