<?xml version="1.0" encoding="UTF-8"?>
<!-- Generated by org.testng.reporters.JUnitXMLReporter -->
<testsuite hostname="DESKTOP-HCFFR5C" ignored="4" name="Test2" tests="4" failures="0" timestamp="06 May 2020 22:39:02 GMT" time="0.042" errors="0">
  <testcase name="myTestMethod1" time="0.001" classname="TestNGAutomationExtends.GalleryPage$MyTestClass1"/>
  <testcase name="myTestMethod2" time="0.002" classname="TestNGAutomationExtends.GalleryPage$MyTestClass1"/>
  <testcase name="myTestMethod3" time="0.002" classname="TestNGAutomationExtends.JournalPage$MyTestClass2"/>
  <testcase name="myTestMethod4" time="0.004" classname="TestNGAutomationExtends.JournalPage$MyTestClass2"/>
  <testcase name="@AfterSuite afterSuite" time="0.0" classname="TestNGAutomationExtends.AbstractTest">
    <ignored/>
  </testcase> <!-- @AfterSuite afterSuite -->
  <testcase name="@BeforeTest beforeTest" time="0.0" classname="TestNGAutomationExtends.AbstractTest">
    <ignored/>
  </testcase> <!-- @BeforeTest beforeTest -->
  <testcase name="@AfterTest afterTest" time="0.0" classname="TestNGAutomationExtends.AbstractTest">
    <ignored/>
  </testcase> <!-- @AfterTest afterTest -->
  <testcase name="@BeforeSuite beforeSuite" time="0.0" classname="TestNGAutomationExtends.AbstractTest">
    <ignored/>
  </testcase> <!-- @BeforeSuite beforeSuite -->
</testsuite> <!-- Test2 -->
