<?xml version="1.0" encoding="UTF-8"?>
<!-- Generated by org.testng.reporters.JUnitXMLReporter -->
<testsuite hostname="DESKTOP-HCFFR5C" ignored="0" name="Test Grouping" tests="4" failures="0" timestamp="07 May 2020 22:07:28 GMT" time="0.077" errors="0">
  <testcase name="myTestMethod3" time="0.019" classname="TestNGAutomationExtends.JournalPage$MyTestClass2"/>
  <testcase name="myTestMethod4" time="0.001" classname="TestNGAutomationExtends.JournalPage$MyTestClass2"/>
  <testcase name="myTestMethod1" time="0.003" classname="TestNGAutomationExtends.GalleryPage$MyTestClass1"/>
  <testcase name="myTestMethod2" time="0.003" classname="TestNGAutomationExtends.GalleryPage$MyTestClass1"/>
</testsuite> <!-- Test Grouping -->
