<?xml version="1.0" encoding="UTF-8"?>
<!-- Generated by org.testng.reporters.JUnitXMLReporter -->
<testsuite hostname="DESKTOP-HCFFR5C" ignored="2" tests="0" failures="0" timestamp="07 May 2020 21:57:33 GMT" time="0.011" errors="0">
  <testcase name="myTestMethod3" time="0.0" classname="TestNGAutomationExtends.JournalPage$MyTestClass2">
    <ignored/>
  </testcase> <!-- myTestMethod3 -->
  <testcase name="myTestMethod4" time="0.0" classname="TestNGAutomationExtends.JournalPage$MyTestClass2">
    <ignored/>
  </testcase> <!-- myTestMethod4 -->
</testsuite>
