<?xml version="1.0" encoding="UTF-8"?>
<!-- Generated by org.testng.reporters.JUnitXMLReporter -->
<testsuite hostname="DESKTOP-HCFFR5C" ignored="0" name="Test Tag2" tests="2" failures="0" timestamp="08 May 2020 23:04:14 GMT" time="0.106" errors="0">
  <testcase name="myTestMethod1" time="0.012" classname="TestNGAutomationExtends.GalleryPage$MyTestClass1"/>
  <testcase name="myTestMethod2" time="0.014" classname="TestNGAutomationExtends.GalleryPage$MyTestClass1"/>
</testsuite> <!-- Test Tag2 -->
